<?xml version="1.0" encoding="UTF-8"?>
<!-- Generated by org.testng.reporters.JUnitReportReporter -->
<testsuite hostname="Himanya" failures="0" tests="1" name="vtiger.Organisations.Tests.ChaitraTest" time="0.000" errors="0" timestamp="2023-03-27T18:57:34 IST" skipped="1">
  <testcase classname="vtiger.Organisations.Tests.ChaitraTest" name="createOrgTest" time="0.000">
    <skipped/>
  </testcase> <!-- createOrgTest -->
  <system-out/>
</testsuite> <!-- vtiger.Organisations.Tests.ChaitraTest -->
