<?xml version="1.0" encoding="UTF-8"?>
<!-- Generated by org.testng.reporters.JUnitReportReporter -->
<testsuite hostname="Himanya" failures="0" tests="1" name="vtiger.Contacts.Tests.CreateContactWithOrg_POM" time="37.493" errors="0" timestamp="2023-03-21T11:44:28 IST" skipped="0">
  <testcase classname="vtiger.Contacts.Tests.CreateContactWithOrg_POM" name="createContactWithOrgTest" time="37.493"/>
  <system-out/>
</testsuite> <!-- vtiger.Contacts.Tests.CreateContactWithOrg_POM -->
