<?xml version="1.0" encoding="UTF-8"?>
<!-- Generated by org.testng.reporters.JUnitReportReporter -->
<testsuite hostname="Himanya" failures="0" tests="1" name="BaseClass.Tests.CreateOrg_Test" time="6.558" errors="0" timestamp="2023-03-29T09:56:22 IST" skipped="0">
  <testcase classname="BaseClass.Tests.CreateOrg_Test" name="createOrganisationTest" time="6.558"/>
  <system-out/>
</testsuite> <!-- BaseClass.Tests.CreateOrg_Test -->
