<?xml version="1.0" encoding="UTF-8"?>
<!-- Generated by org.testng.reporters.JUnitReportReporter -->
<testsuite hostname="Himanya" failures="0" tests="1" name="Assertions.Tests.CreateContactWithOrg" time="38.251" errors="0" timestamp="2023-03-30T10:35:30 IST" skipped="0">
  <testcase classname="Assertions.Tests.CreateContactWithOrg" name="createContactWithOrgTest" time="38.251"/>
  <system-out/>
</testsuite> <!-- Assertions.Tests.CreateContactWithOrg -->
