<?xml version="1.0" encoding="UTF-8"?>
<!-- Generated by org.testng.reporters.JUnitReportReporter -->
<testsuite hostname="Himanya" failures="0" tests="1" name="BaseClass.Tests.CreateContactWithOrganization_Test" time="26.922" errors="0" timestamp="2023-04-06T10:41:43 IST" skipped="0">
  <testcase classname="BaseClass.Tests.CreateContactWithOrganization_Test" name="createContactWithOrgTest" time="26.922"/>
  <system-out/>
</testsuite> <!-- BaseClass.Tests.CreateContactWithOrganization_Test -->
