<?xml version="1.0" encoding="UTF-8"?>
<!-- Generated by org.testng.reporters.JUnitReportReporter -->
<testsuite hostname="Himanya" failures="0" tests="1" name="BaseClass.Tests.CreateContactWithOrganization" time="11.158" errors="0" timestamp="2023-03-29T09:50:42 IST" skipped="0">
  <testcase classname="BaseClass.Tests.CreateContactWithOrganization" name="createContactWithOrg" time="11.158"/>
  <system-out/>
</testsuite> <!-- BaseClass.Tests.CreateContactWithOrganization -->
