<?xml version="1.0" encoding="UTF-8"?>
<!-- Generated by org.testng.reporters.JUnitReportReporter -->
<testsuite hostname="Himanya" failures="0" tests="1" name="BaseClass.Tests.CreateOrgWithIndusrty_Test" time="28.661" errors="0" timestamp="2023-03-31T11:57:47 IST" skipped="0">
  <testcase classname="BaseClass.Tests.CreateOrgWithIndusrty_Test" name="createOrganisationTest" time="28.661"/>
  <system-out/>
</testsuite> <!-- BaseClass.Tests.CreateOrgWithIndusrty_Test -->
