<?xml version="1.0" encoding="UTF-8"?>
<!-- Generated by org.testng.reporters.JUnitReportReporter -->
<testsuite hostname="Himanya" failures="0" tests="2" name="Vtiger_practice.DataProviderPractice" time="0.007" errors="0" timestamp="2023-03-27T19:49:33 IST" skipped="0">
  <testcase classname="Vtiger_practice.DataProviderPractice" name="addToCart" time="0.001"/>
  <system-out/>
  <testcase classname="Vtiger_practice.DataProviderPractice" name="addToCart" time="0.006"/>
  <system-out/>
</testsuite> <!-- Vtiger_practice.DataProviderPractice -->
