<?xml version="1.0" encoding="UTF-8"?>
<!-- Generated by org.testng.reporters.JUnitReportReporter -->
<testsuite hostname="Himanya" failures="0" tests="2" name="Vtiger_practice.BaseClassPractice" time="0.005" errors="0" timestamp="2023-03-28T19:57:59 IST" skipped="0">
  <testcase classname="Vtiger_practice.BaseClassPractice" name="test" time="0.004"/>
  <system-out/>
  <testcase classname="Vtiger_practice.BaseClassPractice" name="test1" time="0.001"/>
  <system-out/>
</testsuite> <!-- Vtiger_practice.BaseClassPractice -->
